<?xml version="1.0" encoding="UTF-8"?>
<testsuite xmlns:xsi="http://www.w3.org/2001/XMLSchema-instance" xsi:noNamespaceSchemaLocation="https://maven.apache.org/surefire/maven-surefire-plugin/xsd/surefire-test-report.xsd" name="za.ac.cput.githubb.store1Test" time="0.031" tests="1" errors="0" skipped="0" failures="1">
  <properties>
[...]
</properties>
  <testcase name="testMain" classname="za.ac.cput.githubb.store1Test" time="0.019">
    <failure message="The test case is a prototype." type="org.opentest4j.AssertionFailedError">org.opentest4j.AssertionFailedError: The test case is a prototype.
	at za.ac.cput.githubb.store1Test.testMain(store1Test.java:49)
</failure>
    <system-out><![CDATA[main
hi
]]></system-out>
  </testcase>
</testsuite>