<?xml version="1.0" encoding="UTF-8" ?>
<testsuite tests="1" failures="1" name="za.ac.cput.githubb.GrapeTest" time="0.007" errors="0" skipped="0">
  <properties>
[...]
</properties>
  <testcase classname="za.ac.cput.githubb.GrapeTest" name="za.ac.cput.githubb.GrapeTest.testMain" time="0.007">
    <failure message="The test case is a prototype." type="org.opentest4j.AssertionFailedError">org.opentest4j.AssertionFailedError: The test case is a prototype.
	at org.junit.jupiter.api.AssertionUtils.fail(AssertionUtils.java:39)
	at org.junit.jupiter.api.Assertions.fail(Assertions.java:109)
	at za.ac.cput.githubb.GrapeTest.testMain(GrapeTest.java:49)
</failure>
    <system-out>main
HelloWorld!
</system-out>
  </testcase>
</testsuite>