-------------------------------------------------------------------------------
Test set: za.ac.cput.githubb.store1Test
-------------------------------------------------------------------------------
Tests run: 1, Failures: 1, Errors: 0, Skipped: 0, Time elapsed: 0.031 s <<< FAILURE! - in za.ac.cput.githubb.store1Test
testMain  Time elapsed: 0.019 s  <<< FAILURE!
org.opentest4j.AssertionFailedError: The test case is a prototype.
	at za.ac.cput.githubb.store1Test.testMain(store1Test.java:49)

